<?xml version="1.0" encoding="UTF-8"?>
<testsuites name="firstTestSuite" time="19" tests="2" failures="0" errors="0">
   <testsuite name="firstTestSuite" tests="2" failures="0" errors="0" time="19" timestamp="2018-02-07 20:38:20" hostname="mslin - menLap" id="Test Suites/firstTestSuite">
      <properties>
         <property name="deviceName" value=""/>
         <property name="devicePlatform" value=""/>
         <property name="logFolder" value="C:\\Users\\mslin\\Katalon Studio\\firstProject\\Reports\\firstTestSuite\\20180207_203819"/>
         <property name="logFiles" value="C:\\Users\\mslin\\Katalon Studio\\firstProject\\Reports\\firstTestSuite\\20180207_203819\\execution0.log"/>
         <property name="attachments" value=""/>
         <property name="hostName" value="mslin - menLap"/>
         <property name="os" value="Windows 10 64bit"/>
         <property name="katalonVersion" value="5.3.0.1"/>
         <property name="browser" value="Firefox 57.0"/>
         <property name="hostAddress" value="192.168.1.40"/>
         <property name="sessionId" value="7825c9c2-383a-462b-bfdf-3eaff5e4fd3f"/>
         <property name="seleniumVersion" value="3.7.1"/>
         <property name="proxyInformation" value="ProxyInformation{proxyOption=NO_PROXY, proxyServerType=HTTP, password=, proxyServerAddress=, proxyServerPort=0}"/>
         <property name="platform" value="Windows 10"/>
      </properties>
      <testcase name="Test Cases/firstTestcase" classname="Test Cases/firstTestcase" status="PASSED">
         <system-out><![CDATA[2018-02-07 20:38:21 - [TEST_CASE][PASSED] - Test Cases/firstTestcase: Test Cases/firstTestcase

2018-02-07 20:38:21 - [TEST_STEP][PASSED] - openBrowser: Browser is opened with url: ''

2018-02-07 20:38:26 - [MESSAGE][PASSED] - Browser is opened with url: ''

2018-02-07 20:38:26 - [TEST_STEP][PASSED] - navigateToUrl: Navigate to 'http://demoaut.katalon.com' successfully

2018-02-07 20:38:27 - [MESSAGE][PASSED] - Navigate to 'http://demoaut.katalon.com' successfully

2018-02-07 20:38:27 - [TEST_STEP][PASSED] - click: Object: 'Object Repository/Page_CURA Healthcare Service/a_Make Appointment' is clicked on

2018-02-07 20:38:28 - [MESSAGE][PASSED] - Object: 'Object Repository/Page_CURA Healthcare Service/a_Make Appointment' is clicked on

2018-02-07 20:38:28 - [TEST_STEP][PASSED] - setText: Text 'John Doe' is set on object 'Object Repository/Page_CURA Healthcare Service/input_username'

2018-02-07 20:38:28 - [MESSAGE][PASSED] - Text 'John Doe' is set on object 'Object Repository/Page_CURA Healthcare Service/input_username'

2018-02-07 20:38:28 - [TEST_STEP][PASSED] - setText: Text 'ThisIsNotAPassword' is set on object 'Object Repository/Page_CURA Healthcare Service/input_password'

2018-02-07 20:38:28 - [MESSAGE][PASSED] - Text 'ThisIsNotAPassword' is set on object 'Object Repository/Page_CURA Healthcare Service/input_password'

2018-02-07 20:38:28 - [TEST_STEP][PASSED] - sendKeys: Keys 'ENTER + ' sent to object: 'Object Repository/Page_CURA Healthcare Service/input_password'

2018-02-07 20:38:28 - [MESSAGE][PASSED] - Keys 'ENTER + ' sent to object: 'Object Repository/Page_CURA Healthcare Service/input_password'

2018-02-07 20:38:28 - [TEST_STEP][PASSED] - selectOptionByValue: All options with value 'Hongkong CURA Healthcare Center' are selected in object 'Object Repository/Page_CURA Healthcare Service/select_Tokyo CURA Healthcare C'  using regular expression

2018-02-07 20:38:29 - [MESSAGE][PASSED] - All options with value 'Hongkong CURA Healthcare Center' are selected in object 'Object Repository/Page_CURA Healthcare Service/select_Tokyo CURA Healthcare C'  using regular expression

2018-02-07 20:38:29 - [TEST_STEP][PASSED] - click: Object: 'Object Repository/Page_CURA Healthcare Service/input_hospital_readmission' is clicked on

2018-02-07 20:38:29 - [MESSAGE][PASSED] - Object: 'Object Repository/Page_CURA Healthcare Service/input_hospital_readmission' is clicked on

2018-02-07 20:38:29 - [TEST_STEP][PASSED] - click: Object: 'Object Repository/Page_CURA Healthcare Service/input_programs' is clicked on

2018-02-07 20:38:29 - [MESSAGE][PASSED] - Object: 'Object Repository/Page_CURA Healthcare Service/input_programs' is clicked on

2018-02-07 20:38:29 - [TEST_STEP][PASSED] - click: Object: 'Object Repository/Page_CURA Healthcare Service/span_glyphicon glyphicon-calen' is clicked on

2018-02-07 20:38:29 - [MESSAGE][PASSED] - Object: 'Object Repository/Page_CURA Healthcare Service/span_glyphicon glyphicon-calen' is clicked on

2018-02-07 20:38:29 - [TEST_STEP][PASSED] - click: Object: 'Object Repository/Page_CURA Healthcare Service/div_input-group-addon' is clicked on

2018-02-07 20:38:30 - [MESSAGE][PASSED] - Object: 'Object Repository/Page_CURA Healthcare Service/div_input-group-addon' is clicked on

2018-02-07 20:38:30 - [TEST_STEP][PASSED] - click: Object: 'Object Repository/Page_CURA Healthcare Service/td_27' is clicked on

2018-02-07 20:38:30 - [MESSAGE][PASSED] - Object: 'Object Repository/Page_CURA Healthcare Service/td_27' is clicked on

2018-02-07 20:38:30 - [TEST_STEP][PASSED] - click: Object: 'Object Repository/Page_CURA Healthcare Service/td_27' is clicked on

2018-02-07 20:38:30 - [MESSAGE][PASSED] - Object: 'Object Repository/Page_CURA Healthcare Service/td_27' is clicked on

2018-02-07 20:38:30 - [TEST_STEP][PASSED] - setText: Text 'dit is een test' is set on object 'Object Repository/Page_CURA Healthcare Service/textarea_comment'

2018-02-07 20:38:30 - [MESSAGE][PASSED] - Text 'dit is een test' is set on object 'Object Repository/Page_CURA Healthcare Service/textarea_comment'

2018-02-07 20:38:30 - [TEST_STEP][PASSED] - click: Object: 'Object Repository/Page_CURA Healthcare Service/button_Book Appointment' is clicked on

2018-02-07 20:38:31 - [MESSAGE][PASSED] - Object: 'Object Repository/Page_CURA Healthcare Service/button_Book Appointment' is clicked on

2018-02-07 20:38:31 - [TEST_STEP][PASSED] - verifyElementPresent: Object 'Object Repository/Page_CURA Healthcare Service/a_Go to Homepage' is present

2018-02-07 20:38:31 - [MESSAGE][WARNING] - Timeout '0' is invalid. Using default page load timeout: '30'

2018-02-07 20:38:31 - [MESSAGE][PASSED] - Object 'Object Repository/Page_CURA Healthcare Service/a_Go to Homepage' is present

2018-02-07 20:38:31 - [TEST_STEP][PASSED] - click: Object: 'Object Repository/Page_CURA Healthcare Service/a_Go to Homepage' is clicked on

2018-02-07 20:38:31 - [MESSAGE][PASSED] - Object: 'Object Repository/Page_CURA Healthcare Service/a_Go to Homepage' is clicked on

2018-02-07 20:38:31 - [TEST_STEP][PASSED] - closeBrowser: Browser is closed

2018-02-07 20:38:31 - [MESSAGE][PASSED] - Browser is closed]]></system-out>
         <system-err><![CDATA[]]></system-err>
      </testcase>
      <testcase name="Test Cases/firstTestcase - Copy" classname="Test Cases/firstTestcase - Copy" status="PASSED">
         <system-out><![CDATA[2018-02-07 20:38:31 - [TEST_CASE][PASSED] - Test Cases/firstTestcase - Copy: Test Cases/firstTestcase - Copy

2018-02-07 20:38:31 - [TEST_STEP][PASSED] - openBrowser: Browser is opened with url: ''

2018-02-07 20:38:35 - [MESSAGE][PASSED] - Browser is opened with url: ''

2018-02-07 20:38:35 - [TEST_STEP][PASSED] - navigateToUrl: Navigate to 'http://demoaut.katalon.com' successfully

2018-02-07 20:38:36 - [MESSAGE][PASSED] - Navigate to 'http://demoaut.katalon.com' successfully

2018-02-07 20:38:36 - [TEST_STEP][PASSED] - click: Object: 'Object Repository/Page_CURA Healthcare Service/a_Make Appointment' is clicked on

2018-02-07 20:38:37 - [MESSAGE][PASSED] - Object: 'Object Repository/Page_CURA Healthcare Service/a_Make Appointment' is clicked on

2018-02-07 20:38:37 - [TEST_STEP][PASSED] - setText: Text 'John Doe' is set on object 'Object Repository/Page_CURA Healthcare Service/input_username'

2018-02-07 20:38:37 - [MESSAGE][PASSED] - Text 'John Doe' is set on object 'Object Repository/Page_CURA Healthcare Service/input_username'

2018-02-07 20:38:37 - [TEST_STEP][PASSED] - setText: Text 'ThisIsNotAPassword' is set on object 'Object Repository/Page_CURA Healthcare Service/input_password'

2018-02-07 20:38:37 - [MESSAGE][PASSED] - Text 'ThisIsNotAPassword' is set on object 'Object Repository/Page_CURA Healthcare Service/input_password'

2018-02-07 20:38:37 - [TEST_STEP][PASSED] - sendKeys: Keys 'ENTER + ' sent to object: 'Object Repository/Page_CURA Healthcare Service/input_password'

2018-02-07 20:38:37 - [MESSAGE][PASSED] - Keys 'ENTER + ' sent to object: 'Object Repository/Page_CURA Healthcare Service/input_password'

2018-02-07 20:38:37 - [TEST_STEP][PASSED] - selectOptionByValue: All options with value 'Hongkong CURA Healthcare Center' are selected in object 'Object Repository/Page_CURA Healthcare Service/select_Tokyo CURA Healthcare C'  using regular expression

2018-02-07 20:38:38 - [MESSAGE][PASSED] - All options with value 'Hongkong CURA Healthcare Center' are selected in object 'Object Repository/Page_CURA Healthcare Service/select_Tokyo CURA Healthcare C'  using regular expression

2018-02-07 20:38:38 - [TEST_STEP][PASSED] - click: Object: 'Object Repository/Page_CURA Healthcare Service/input_hospital_readmission' is clicked on

2018-02-07 20:38:38 - [MESSAGE][PASSED] - Object: 'Object Repository/Page_CURA Healthcare Service/input_hospital_readmission' is clicked on

2018-02-07 20:38:38 - [TEST_STEP][PASSED] - click: Object: 'Object Repository/Page_CURA Healthcare Service/input_programs' is clicked on

2018-02-07 20:38:38 - [MESSAGE][PASSED] - Object: 'Object Repository/Page_CURA Healthcare Service/input_programs' is clicked on

2018-02-07 20:38:38 - [TEST_STEP][PASSED] - click: Object: 'Object Repository/Page_CURA Healthcare Service/span_glyphicon glyphicon-calen' is clicked on

2018-02-07 20:38:38 - [MESSAGE][PASSED] - Object: 'Object Repository/Page_CURA Healthcare Service/span_glyphicon glyphicon-calen' is clicked on

2018-02-07 20:38:38 - [TEST_STEP][PASSED] - click: Object: 'Object Repository/Page_CURA Healthcare Service/div_input-group-addon' is clicked on

2018-02-07 20:38:39 - [MESSAGE][PASSED] - Object: 'Object Repository/Page_CURA Healthcare Service/div_input-group-addon' is clicked on

2018-02-07 20:38:39 - [TEST_STEP][PASSED] - click: Object: 'Object Repository/Page_CURA Healthcare Service/td_27' is clicked on

2018-02-07 20:38:39 - [MESSAGE][PASSED] - Object: 'Object Repository/Page_CURA Healthcare Service/td_27' is clicked on

2018-02-07 20:38:39 - [TEST_STEP][PASSED] - click: Object: 'Object Repository/Page_CURA Healthcare Service/td_27' is clicked on

2018-02-07 20:38:39 - [MESSAGE][PASSED] - Object: 'Object Repository/Page_CURA Healthcare Service/td_27' is clicked on

2018-02-07 20:38:39 - [TEST_STEP][PASSED] - setText: Text 'dit is een test' is set on object 'Object Repository/Page_CURA Healthcare Service/textarea_comment'

2018-02-07 20:38:39 - [MESSAGE][PASSED] - Text 'dit is een test' is set on object 'Object Repository/Page_CURA Healthcare Service/textarea_comment'

2018-02-07 20:38:39 - [TEST_STEP][PASSED] - click: Object: 'Object Repository/Page_CURA Healthcare Service/button_Book Appointment' is clicked on

2018-02-07 20:38:39 - [MESSAGE][PASSED] - Object: 'Object Repository/Page_CURA Healthcare Service/button_Book Appointment' is clicked on

2018-02-07 20:38:39 - [TEST_STEP][PASSED] - verifyElementPresent: Object 'Object Repository/Page_CURA Healthcare Service/a_Go to Homepage' is present

2018-02-07 20:38:39 - [MESSAGE][WARNING] - Timeout '0' is invalid. Using default page load timeout: '30'

2018-02-07 20:38:39 - [MESSAGE][PASSED] - Object 'Object Repository/Page_CURA Healthcare Service/a_Go to Homepage' is present

2018-02-07 20:38:39 - [TEST_STEP][PASSED] - click: Object: 'Object Repository/Page_CURA Healthcare Service/a_Go to Homepage' is clicked on

2018-02-07 20:38:40 - [MESSAGE][PASSED] - Object: 'Object Repository/Page_CURA Healthcare Service/a_Go to Homepage' is clicked on

2018-02-07 20:38:40 - [TEST_STEP][PASSED] - closeBrowser: Browser is closed

2018-02-07 20:38:40 - [MESSAGE][PASSED] - Browser is closed]]></system-out>
         <system-err><![CDATA[]]></system-err>
      </testcase>
      <system-out><![CDATA[2018-02-07 20:38:20 - [TEST_SUITE][PASSED] - firstTestSuite: Test Cases/firstTestcase - Copy]]></system-out>
      <system-err><![CDATA[]]></system-err>
   </testsuite>
</testsuites>
